This is pdfTeX, Version 3.14159265-2.6-1.40.20 (TeX Live 2019/Arch Linux) (preloaded format=pdflatex 2020.2.12)  21 FEB 2020 12:43
entering extended mode
 restricted \write18 enabled.
 %&-line parsing enabled.
**enumitem.sty
(./enumitem.sty
LaTeX2e <2019-10-01> patch level 1

LaTeX Warning: You have requested package `',
               but the package provides `enumitem'.

Package: enumitem 2019/06/20 v3.9 Customized lists

! LaTeX Error: Missing \begin{document}.

See the LaTeX manual or LaTeX Companion for explanation.
Type  H <return>  for immediate help.
 ...                                              
                                                  
l.46 \let\enitkv@e
                  rr\enitkv@errx
? \end
Type <return> to proceed, S to scroll future error messages,
R to run without stopping, Q to run quietly,
I to insert something, E to edit your file,
1 or ... or 9 to ignore the next 1 to 9 tokens of input,
H for help, X to quit.
? x
 
Here is how much of TeX's memory you used:
 10 strings out of 492167
 294 string characters out of 6131558
 59016 words of memory out of 5000000
 4471 multiletter control sequences out of 15000+600000
 3640 words of font info for 14 fonts, out of 8000000 for 9000
 1141 hyphenation exceptions out of 8191
 7i,0n,4p,81b,14s stack positions out of 5000i,500n,10000p,200000b,80000s
No pages of output.
PDF statistics:
 0 PDF objects out of 1000 (max. 8388607)
 0 named destinations out of 1000 (max. 500000)
 1 words of extra memory for PDF output out of 10000 (max. 10000000)

